<?xml version="1.0" encoding="UTF-8"?>
<testsuite name="com.example.rqchallenge.RqChallengeApplicationTests" tests="1" skipped="0" failures="0" errors="0" timestamp="2024-09-01T07:33:50" hostname="ADMINs-MacBook-Air.local" time="0.969">
  <properties/>
  <testcase name="contextLoads()" classname="com.example.rqchallenge.RqChallengeApplicationTests" time="0.969"/>
  <system-out><![CDATA[13:03:41.953 [Test worker] DEBUG org.springframework.test.context.BootstrapUtils - Instantiating CacheAwareContextLoaderDelegate from class [org.springframework.test.context.cache.DefaultCacheAwareContextLoaderDelegate]
13:03:41.979 [Test worker] DEBUG org.springframework.test.context.BootstrapUtils - Instantiating BootstrapContext using constructor [public org.springframework.test.context.support.DefaultBootstrapContext(java.lang.Class,org.springframework.test.context.CacheAwareContextLoaderDelegate)]
13:03:42.035 [Test worker] DEBUG org.springframework.test.context.BootstrapUtils - Instantiating TestContextBootstrapper for test class [com.example.rqchallenge.RqChallengeApplicationTests] from class [org.springframework.boot.test.context.SpringBootTestContextBootstrapper]
13:03:42.061 [Test worker] INFO org.springframework.boot.test.context.SpringBootTestContextBootstrapper - Neither @ContextConfiguration nor @ContextHierarchy found for test class [com.example.rqchallenge.RqChallengeApplicationTests], using SpringBootContextLoader
13:03:42.068 [Test worker] DEBUG org.springframework.test.context.support.AbstractContextLoader - Did not detect default resource location for test class [com.example.rqchallenge.RqChallengeApplicationTests]: class path resource [com/example/rqchallenge/RqChallengeApplicationTests-context.xml] does not exist
13:03:42.068 [Test worker] DEBUG org.springframework.test.context.support.AbstractContextLoader - Did not detect default resource location for test class [com.example.rqchallenge.RqChallengeApplicationTests]: class path resource [com/example/rqchallenge/RqChallengeApplicationTestsContext.groovy] does not exist
13:03:42.069 [Test worker] INFO org.springframework.test.context.support.AbstractContextLoader - Could not detect default resource locations for test class [com.example.rqchallenge.RqChallengeApplicationTests]: no resource found for suffixes {-context.xml, Context.groovy}.
13:03:42.071 [Test worker] INFO org.springframework.test.context.support.AnnotationConfigContextLoaderUtils - Could not detect default configuration classes for test class [com.example.rqchallenge.RqChallengeApplicationTests]: RqChallengeApplicationTests does not declare any static, non-private, non-final, nested classes annotated with @Configuration.
13:03:42.157 [Test worker] DEBUG org.springframework.test.context.support.ActiveProfilesUtils - Could not find an 'annotation declaring class' for annotation type [org.springframework.test.context.ActiveProfiles] and class [com.example.rqchallenge.RqChallengeApplicationTests]
13:03:42.259 [Test worker] DEBUG org.springframework.context.annotation.ClassPathScanningCandidateComponentProvider - Identified candidate component class: file [/Users/sagar/Downloads/ReliaQuest/java-employee-challenge/build/classes/java/main/com/example/rqchallenge/RqChallengeApplication.class]
13:03:42.261 [Test worker] INFO org.springframework.boot.test.context.SpringBootTestContextBootstrapper - Found @SpringBootConfiguration com.example.rqchallenge.RqChallengeApplication for test class com.example.rqchallenge.RqChallengeApplicationTests
13:03:42.455 [Test worker] DEBUG org.springframework.boot.test.context.SpringBootTestContextBootstrapper - @TestExecutionListeners is not present for class [com.example.rqchallenge.RqChallengeApplicationTests]: using defaults.
13:03:42.455 [Test worker] INFO org.springframework.boot.test.context.SpringBootTestContextBootstrapper - Loaded default TestExecutionListener class names from location [META-INF/spring.factories]: [org.springframework.boot.test.autoconfigure.restdocs.RestDocsTestExecutionListener, org.springframework.boot.test.autoconfigure.web.client.MockRestServiceServerResetTestExecutionListener, org.springframework.boot.test.autoconfigure.web.servlet.MockMvcPrintOnlyOnFailureTestExecutionListener, org.springframework.boot.test.autoconfigure.web.servlet.WebDriverTestExecutionListener, org.springframework.boot.test.autoconfigure.webservices.client.MockWebServiceServerTestExecutionListener, org.springframework.boot.test.mock.mockito.MockitoTestExecutionListener, org.springframework.boot.test.mock.mockito.ResetMocksTestExecutionListener, org.springframework.test.context.web.ServletTestExecutionListener, org.springframework.test.context.support.DirtiesContextBeforeModesTestExecutionListener, org.springframework.test.context.event.ApplicationEventsTestExecutionListener, org.springframework.test.context.support.DependencyInjectionTestExecutionListener, org.springframework.test.context.support.DirtiesContextTestExecutionListener, org.springframework.test.context.transaction.TransactionalTestExecutionListener, org.springframework.test.context.jdbc.SqlScriptsTestExecutionListener, org.springframework.test.context.event.EventPublishingTestExecutionListener]
13:03:42.488 [Test worker] DEBUG org.springframework.boot.test.context.SpringBootTestContextBootstrapper - Skipping candidate TestExecutionListener [org.springframework.test.context.transaction.TransactionalTestExecutionListener] due to a missing dependency. Specify custom listener classes or make the default listener classes and their required dependencies available. Offending class: [org/springframework/transaction/interceptor/TransactionAttributeSource]
13:03:42.489 [Test worker] DEBUG org.springframework.boot.test.context.SpringBootTestContextBootstrapper - Skipping candidate TestExecutionListener [org.springframework.test.context.jdbc.SqlScriptsTestExecutionListener] due to a missing dependency. Specify custom listener classes or make the default listener classes and their required dependencies available. Offending class: [org/springframework/transaction/interceptor/TransactionAttribute]
13:03:42.489 [Test worker] INFO org.springframework.boot.test.context.SpringBootTestContextBootstrapper - Using TestExecutionListeners: [org.springframework.test.context.web.ServletTestExecutionListener@dcfda20, org.springframework.test.context.support.DirtiesContextBeforeModesTestExecutionListener@6d304f9d, org.springframework.test.context.event.ApplicationEventsTestExecutionListener@f73dcd6, org.springframework.boot.test.mock.mockito.MockitoTestExecutionListener@5c87bfe2, org.springframework.boot.test.autoconfigure.SpringBootDependencyInjectionTestExecutionListener@2fea7088, org.springframework.test.context.support.DirtiesContextTestExecutionListener@40499e4f, org.springframework.test.context.event.EventPublishingTestExecutionListener@51cd7ffc, org.springframework.boot.test.autoconfigure.restdocs.RestDocsTestExecutionListener@30d4b288, org.springframework.boot.test.autoconfigure.web.client.MockRestServiceServerResetTestExecutionListener@4cc6fa2a, org.springframework.boot.test.autoconfigure.web.servlet.MockMvcPrintOnlyOnFailureTestExecutionListener@40f1be1b, org.springframework.boot.test.autoconfigure.web.servlet.WebDriverTestExecutionListener@7a791b66, org.springframework.boot.test.autoconfigure.webservices.client.MockWebServiceServerTestExecutionListener@6f2cb653, org.springframework.boot.test.mock.mockito.ResetMocksTestExecutionListener@14c01636]
13:03:42.498 [Test worker] DEBUG org.springframework.test.context.support.AbstractDirtiesContextTestExecutionListener - Before test class: context [DefaultTestContext@160ac7fb testClass = RqChallengeApplicationTests, testInstance = [null], testMethod = [null], testException = [null], mergedContextConfiguration = [WebMergedContextConfiguration@12bfd80d testClass = RqChallengeApplicationTests, locations = '{}', classes = '{class com.example.rqchallenge.RqChallengeApplication}', contextInitializerClasses = '[]', activeProfiles = '{}', propertySourceLocations = '{}', propertySourceProperties = '{org.springframework.boot.test.context.SpringBootTestContextBootstrapper=true}', contextCustomizers = set[org.springframework.boot.test.autoconfigure.actuate.metrics.MetricsExportContextCustomizerFactory$DisableMetricExportContextCustomizer@30c93896, org.springframework.boot.test.autoconfigure.properties.PropertyMappingContextCustomizer@0, org.springframework.boot.test.autoconfigure.web.servlet.WebDriverContextCustomizerFactory$Customizer@5c2375a9, org.springframework.boot.test.context.filter.ExcludeFilterContextCustomizer@7a55af6b, org.springframework.boot.test.json.DuplicateJsonObjectContextCustomizerFactory$DuplicateJsonObjectContextCustomizer@27216cd, org.springframework.boot.test.mock.mockito.MockitoContextCustomizer@0, org.springframework.boot.test.web.client.TestRestTemplateContextCustomizer@5a2d131d, org.springframework.boot.test.context.SpringBootTestArgs@1, org.springframework.boot.test.context.SpringBootTestWebEnvironment@7bedc48a], resourceBasePath = 'src/main/webapp', contextLoader = 'org.springframework.boot.test.context.SpringBootContextLoader', parent = [null]], attributes = map['org.springframework.test.context.web.ServletTestExecutionListener.activateListener' -> true]], class annotated with @DirtiesContext [false] with mode [null].
13:03:42.606 [Test worker] DEBUG org.springframework.boot.ApplicationServletEnvironment - Activating profiles []
13:03:42.608 [Test worker] DEBUG org.springframework.test.context.support.TestPropertySourceUtils - Adding inlined properties to environment: {spring.jmx.enabled=false, org.springframework.boot.test.context.SpringBootTestContextBootstrapper=true}

  .   ____          _            __ _ _
 /\\ / ___'_ __ _ _(_)_ __  __ _ \ \ \ \
( ( )\___ | '_ | '_| | '_ \/ _` | \ \ \ \
 \\/  ___)| |_)| | | | | || (_| |  ) ) ) )
  '  |____| .__|_| |_|_| |_\__, | / / / /
 =========|_|==============|___/=/_/_/_/
 :: Spring Boot ::                (v2.6.1)

2024-09-01 13:03:48.080  INFO 34201 --- [    Test worker] c.e.r.RqChallengeApplicationTests        : Starting RqChallengeApplicationTests using Java 17.0.3.1 on ADMINs-MacBook-Air.local with PID 34201 (started by sagar in /Users/sagar/Downloads/ReliaQuest/java-employee-challenge)
2024-09-01 13:03:48.082  INFO 34201 --- [    Test worker] c.e.r.RqChallengeApplicationTests        : No active profile set, falling back to default profiles: default
2024-09-01 13:03:49.462  INFO 34201 --- [    Test worker] c.e.r.e.data.EmployeeDataProvider        : [EmployeeDataProvider::init] initializing employee dummy data
2024-09-01 13:03:50.493  INFO 34201 --- [    Test worker] c.e.r.RqChallengeApplicationTests        : Started RqChallengeApplicationTests in 7.883 seconds (JVM running for 9.825)
]]></system-out>
  <system-err><![CDATA[]]></system-err>
</testsuite>
